"D:\Program\CLion\CLion 2019.2.5\bin\cmake\win\bin\cmake.exe" -DCMAKE_BUILD_TYPE=Debug -G "CodeBlocks - NMake Makefiles" "D:\CityU notes and Files\2nd year\CS3201\Assignment\Server_Client_New"
-- The C compiler identification is MSVC 19.16.27034.0
-- The CXX compiler identification is MSVC 19.16.27034.0
-- Check for working C compiler: C:/Program Files (x86)/Microsoft Visual Studio/2017/BuildTools/VC/Tools/MSVC/14.16.27023/bin/Hostx86/x86/cl.exe
-- Check for working C compiler: C:/Program Files (x86)/Microsoft Visual Studio/2017/BuildTools/VC/Tools/MSVC/14.16.27023/bin/Hostx86/x86/cl.exe -- broken
CMake Error at D:/Program/CLion/CLion 2019.2.5/bin/cmake/win/share/cmake-3.15/Modules/CMakeTestCCompiler.cmake:60 (message):
  The C compiler

    "C:/Program Files (x86)/Microsoft Visual Studio/2017/BuildTools/VC/Tools/MSVC/14.16.27023/bin/Hostx86/x86/cl.exe"

  is not able to compile a simple test program.

  It fails with the following output:

    Change Dir: D:/CityU notes and Files/2nd year/CS3201/Assignment/Server_Client_New/cmake-build-debug/CMakeFiles/CMakeTmp
    
    Run Build Command(s):nmake /nologo cmTC_256bf\fast && 	"C:\Program Files (x86)\Microsoft Visual Studio\2017\BuildTools\VC\Tools\MSVC\14.16.27023\bin\HostX86\x86\nmake.exe" -f CMakeFiles\cmTC_256bf.dir\build.make /nologo -L                  CMakeFiles\cmTC_256bf.dir\build
    Building C object CMakeFiles/cmTC_256bf.dir/testCCompiler.c.obj
    	"C:\PROGRA~2\Microsoft Visual Studio\2017\BuildTools\VC\Tools\MSVC\14.16.27023\bin\Hostx86\x86\cl.exe" @C:\Users\craze\AppData\Local\Temp\nmA4FE.tmp
    testCCompiler.c
    Linking C executable cmTC_256bf.exe
    	"D:\Program\CLion\CLion 2019.2.5\bin\cmake\win\bin\cmake.exe" -E vs_link_exe --intdir=CMakeFiles\cmTC_256bf.dir --rc=rc --mt=CMAKE_MT-NOTFOUND --manifests  -- "C:\PROGRA~2\Microsoft Visual Studio\2017\BuildTools\VC\Tools\MSVC\14.16.27023\bin\Hostx86\x86\link.exe" /nologo @CMakeFiles\cmTC_256bf.dir\objects1.rsp @C:\Users\craze\AppData\Local\Temp\nmA57C.tmp
    RC Pass 1: command "rc /fo CMakeFiles\cmTC_256bf.dir/manifest.res CMakeFiles\cmTC_256bf.dir/manifest.rc" failed (exit code 0) with the following output:
    The system cannot find the file specifiedNMAKE : fatal error U1077: '"D:\Program\CLion\CLion 2019.2.5\bin\cmake\win\bin\cmake.exe"' : return code '0xffffffff'
    Stop.
    NMAKE : fatal error U1077: '"C:\Program Files (x86)\Microsoft Visual Studio\2017\BuildTools\VC\Tools\MSVC\14.16.27023\bin\HostX86\x86\nmake.exe"' : return code '0x2'
    Stop.
    
    

  

  CMake will not be able to correctly generate this project.
Call Stack (most recent call first):
  CMakeLists.txt:2 (project)


-- Configuring incomplete, errors occurred!
See also "D:/CityU notes and Files/2nd year/CS3201/Assignment/Server_Client_New/cmake-build-debug/CMakeFiles/CMakeOutput.log".
See also "D:/CityU notes and Files/2nd year/CS3201/Assignment/Server_Client_New/cmake-build-debug/CMakeFiles/CMakeError.log".
